<?xml version="1.0" encoding="UTF-8"?>
<!-- Generated by org.testng.reporters.JUnitReportReporter -->
<testsuite skipped="0" hostname="Srikanth-PC" name="com.retestfreecrm.test.HomeTest" tests="1" failures="0" timestamp="17 Dec 2019 11:53:24 GMT" time="35.699" errors="0">
  <testcase name="verifyElements" time="35.699" classname="com.retestfreecrm.test.HomeTest"/>
</testsuite> <!-- com.retestfreecrm.test.HomeTest -->
