<?xml version="1.0" encoding="UTF-8"?>
<!-- Generated by org.testng.reporters.JUnitReportReporter -->
<testsuite skipped="0" hostname="Srikanth-PC" name="com.retestfreecrm.test.ContactTest" tests="1" failures="0" timestamp="05 Jan 2020 02:25:24 GMT" time="32.700" errors="0">
  <testcase name="validateContactsPage" time="32.700" classname="com.retestfreecrm.test.ContactTest"/>
</testsuite> <!-- com.retestfreecrm.test.ContactTest -->
