<?xml version="1.0" encoding="UTF-8"?>
<!-- Generated by org.testng.reporters.JUnitReportReporter -->
<testsuite skipped="0" hostname="Srikanth-PC" name="com.retestfreecrm.test.LoginTest1" tests="1" failures="0" timestamp="03 Nov 2019 05:37:02 GMT" time="26.311" errors="0">
  <testcase name="login" time="26.311" classname="com.retestfreecrm.test.LoginTest1"/>
</testsuite> <!-- com.retestfreecrm.test.LoginTest1 -->
